2/9/2017 1:54:49 PM, Info: Initializing SIMPLSharp Services...
2/9/2017 1:54:50 PM, Info: ProjectInfo successfully initialized.
2/9/2017 1:54:50 PM, Info: Verifying archive C:\Users\Mike\Documents\00 VOLTA\XPeters\Peters Residence 2.2.17\SPlsWork\AffinityClientConnection.clz...
2/9/2017 1:54:54 PM, Info: Saving project information...
2/9/2017 1:54:57 PM, Info: Verifying archive C:\Users\Mike\Documents\00 VOLTA\XPeters\Peters Residence 2.2.17\SPlsWork\AffinityClientConnection.clz...
2/9/2017 1:54:59 PM, Info: Saving project information...
2/9/2017 1:55:11 PM, Info: Verifying archive C:\Users\Mike\Documents\00 VOLTA\XPeters\Peters Residence 2.2.17\Nest_Interface_v1_0.clz...
2/9/2017 1:55:11 PM, Info: Saving project information...
2/9/2017 1:55:15 PM, Info: Verifying archive C:\Users\Mike\Documents\00 VOLTA\XPeters\Peters Residence 2.2.17\SPlsWork\AppHelperClasses v2_0.clz...
2/9/2017 1:55:15 PM, Info: Saving project information...
2/9/2017 1:55:17 PM, Info: Verifying archive C:\Users\Mike\Documents\00 VOLTA\XPeters\Peters Residence 2.2.17\SPlsWork\AffinityClientConnection.clz...
2/9/2017 1:55:19 PM, Info: Saving project information...
2/9/2017 1:55:23 PM, Info: Commiting verification transaction...
2/9/2017 1:55:23 PM, Info: Saving project information...
2/9/2017 1:55:46 PM, Info: Initializing SIMPLSharp Services...
2/9/2017 1:55:46 PM, Info: ProjectInfo successfully initialized.
2/9/2017 1:55:46 PM, Info: Verifying archive C:\Users\Mike\Documents\00 VOLTA\XPeters\Peters Residence 2.2.17\SPlsWork\AffinityClientConnection.clz...
2/9/2017 1:55:47 PM, Info: Saving project information...
2/9/2017 1:55:57 PM, Info: Verifying archive C:\Users\Mike\Documents\00 VOLTA\XPeters\Peters Residence 2.2.17\Nest_Interface_v1_0.clz...
2/9/2017 1:55:57 PM, Info: Saving project information...
2/9/2017 1:56:00 PM, Info: Verifying archive C:\Users\Mike\Documents\00 VOLTA\XPeters\Peters Residence 2.2.17\SPlsWork\AppHelperClasses v2_0.clz...
2/9/2017 1:56:00 PM, Info: Saving project information...
2/9/2017 1:56:05 PM, Info: Commiting verification transaction...
2/9/2017 1:56:05 PM, Info: Saving project information...
2/9/2017 2:06:31 PM, Info: Initializing SIMPLSharp Services...
2/9/2017 2:06:31 PM, Info: ProjectInfo successfully initialized.
2/9/2017 2:06:31 PM, Info: Verifying archive C:\Users\Mike\Documents\00 VOLTA\XPeters\Peters Residence 2.2.17\SPlsWork\AffinityClientConnection.clz...
2/9/2017 2:06:33 PM, Info: Saving project information...
2/9/2017 2:06:44 PM, Info: Verifying archive C:\Users\Mike\Documents\00 VOLTA\XPeters\Peters Residence 2.2.17\Nest_Interface_v1_0.clz...
2/9/2017 2:06:44 PM, Info: Saving project information...
2/9/2017 2:06:47 PM, Info: Verifying archive C:\Users\Mike\Documents\00 VOLTA\XPeters\Peters Residence 2.2.17\SPlsWork\AppHelperClasses v2_0.clz...
2/9/2017 2:06:47 PM, Info: Saving project information...
2/9/2017 2:06:52 PM, Info: Commiting verification transaction...
2/9/2017 2:06:52 PM, Info: Saving project information...
2/9/2017 2:08:56 PM, Info: Terminating SIMPLSharp Services
2/9/2017 2:08:56 PM, Info: Saving project information...
2/9/2017 2:08:56 PM, Info: Terminating SIMPLSharp Services
2/9/2017 2:08:56 PM, Info: Saving project information...
2/9/2017 2:08:56 PM, Info: Terminating SIMPLSharp Services
